<?xml version="1.0" encoding="UTF-8"?>
<!-- Generated by org.testng.reporters.JUnitReportReporter -->
<testsuite skipped="0" hostname="DESKTOP-E3KSB34" name="com.Airpay.Tests.TC_PP_Invalid_UPI_Address_NewDesign" tests="2" failures="0" timestamp="07 Aug 2019 11:12:16 GMT" time="65.956" errors="0">
  <testcase name="setup" time="0.000" classname="com.Airpay.Tests.TC_PP_Invalid_UPI_Address_NewDesign"/>
  <testcase name="TC_TestCaseName" time="65.956" classname="com.Airpay.Tests.TC_PP_Invalid_UPI_Address_NewDesign"/>
</testsuite> <!-- com.Airpay.Tests.TC_PP_Invalid_UPI_Address_NewDesign -->
