<?xml version="1.0" encoding="UTF-8"?>
<!-- Generated by org.testng.reporters.JUnitReportReporter -->
<testsuite skipped="0" hostname="DESKTOP-E3KSB34" name="com.Airpay.Tests.TC_PP_NetBanking_Banking_popular_bank_verification" tests="2" failures="0" timestamp="27 Aug 2019 05:46:51 GMT" time="23.151" errors="0">
  <testcase name="setup" time="0.000" classname="com.Airpay.Tests.TC_PP_NetBanking_Banking_popular_bank_verification"/>
  <testcase name="TC_TestCaseName" time="23.151" classname="com.Airpay.Tests.TC_PP_NetBanking_Banking_popular_bank_verification"/>
</testsuite> <!-- com.Airpay.Tests.TC_PP_NetBanking_Banking_popular_bank_verification -->
