<?xml version="1.0" encoding="UTF-8"?>
<!-- Generated by org.testng.reporters.JUnitReportReporter -->
<testsuite skipped="0" hostname="DESKTOP-E3KSB34" name="com.Airpay.Tests.TC_PP_UPIAddress_Empty_Transaction_ErrorMessage_NewDesign" tests="2" failures="0" timestamp="07 Aug 2019 11:10:55 GMT" time="391.468" errors="0">
  <testcase name="setup" time="0.006" classname="com.Airpay.Tests.TC_PP_UPIAddress_Empty_Transaction_ErrorMessage_NewDesign"/>
  <testcase name="TC_TestCaseName" time="391.462" classname="com.Airpay.Tests.TC_PP_UPIAddress_Empty_Transaction_ErrorMessage_NewDesign"/>
</testsuite> <!-- com.Airpay.Tests.TC_PP_UPIAddress_Empty_Transaction_ErrorMessage_NewDesign -->
