<?xml version="1.0" encoding="UTF-8"?>
<!-- Generated by org.testng.reporters.JUnitReportReporter -->
<testsuite skipped="0" hostname="DESKTOP-E3KSB34" name="com.Airpay.Tests.TC_PP_InvalidTez_UPI_Address_ErrMsg" tests="2" failures="0" timestamp="06 Aug 2019 11:27:18 GMT" time="92.061" errors="0">
  <testcase name="setup" time="0.000" classname="com.Airpay.Tests.TC_PP_InvalidTez_UPI_Address_ErrMsg"/>
  <testcase name="TC_TestCaseName" time="92.061" classname="com.Airpay.Tests.TC_PP_InvalidTez_UPI_Address_ErrMsg"/>
</testsuite> <!-- com.Airpay.Tests.TC_PP_InvalidTez_UPI_Address_ErrMsg -->
