<?xml version="1.0" encoding="UTF-8"?>
<!-- Generated by org.testng.reporters.JUnitReportReporter -->
<testsuite skipped="0" hostname="DESKTOP-E3KSB34" name="com.Airpay.Tests.TC_PP_UPI_SuccessTransaction_ErrorMessage" tests="2" failures="0" timestamp="27 Aug 2019 05:58:58 GMT" time="22.229" errors="0">
  <testcase name="setup" time="0.000" classname="com.Airpay.Tests.TC_PP_UPI_SuccessTransaction_ErrorMessage"/>
  <testcase name="TC_TestCaseName" time="22.229" classname="com.Airpay.Tests.TC_PP_UPI_SuccessTransaction_ErrorMessage"/>
</testsuite> <!-- com.Airpay.Tests.TC_PP_UPI_SuccessTransaction_ErrorMessage -->
