<?xml version="1.0" encoding="UTF-8"?>
<!-- Generated by org.testng.reporters.JUnitReportReporter -->
<testsuite skipped="0" hostname="DESKTOP-E3KSB34" name="com.Airpay.Tests.TC_PP_EMI_Card_logo_Appearance" tests="2" failures="0" timestamp="27 Aug 2019 05:40:45 GMT" time="24.963" errors="0">
  <testcase name="setup" time="0.000" classname="com.Airpay.Tests.TC_PP_EMI_Card_logo_Appearance"/>
  <testcase name="TC_TestCaseName" time="24.963" classname="com.Airpay.Tests.TC_PP_EMI_Card_logo_Appearance"/>
</testsuite> <!-- com.Airpay.Tests.TC_PP_EMI_Card_logo_Appearance -->
