<?xml version="1.0" encoding="UTF-8"?>
<!-- Generated by org.testng.reporters.JUnitReportReporter -->
<testsuite skipped="0" hostname="DESKTOP-E3KSB34" name="com.Airpay.Tests.TC_PP_08" tests="2" failures="0" timestamp="13 Aug 2019 04:54:51 GMT" time="14.555" errors="0">
  <testcase name="setup" time="0.000" classname="com.Airpay.Tests.TC_PP_08"/>
  <testcase name="TC_TestCaseName" time="14.555" classname="com.Airpay.Tests.TC_PP_08"/>
</testsuite> <!-- com.Airpay.Tests.TC_PP_08 -->
