<?xml version="1.0" encoding="UTF-8"?>
<!-- Generated by org.testng.reporters.JUnitReportReporter -->
<testsuite skipped="0" hostname="DESKTOP-E3KSB34" name="com.Airpay.Tests.TC_PP_UPI_Success_Transaction" tests="2" failures="0" timestamp="09 Aug 2019 09:47:06 GMT" time="285.109" errors="0">
  <testcase name="setup" time="0.001" classname="com.Airpay.Tests.TC_PP_UPI_Success_Transaction"/>
  <testcase name="TC_TestCaseName" time="285.108" classname="com.Airpay.Tests.TC_PP_UPI_Success_Transaction"/>
</testsuite> <!-- com.Airpay.Tests.TC_PP_UPI_Success_Transaction -->
