<?xml version="1.0" encoding="UTF-8"?>
<!-- Generated by org.testng.reporters.JUnitReportReporter -->
<testsuite skipped="0" hostname="DESKTOP-E3KSB34" name="com.Airpay.Tests.TC_PP_15_Credit_Card" tests="2" failures="0" timestamp="13 Aug 2019 05:23:01 GMT" time="214.239" errors="0">
  <testcase name="setup" time="0.001" classname="com.Airpay.Tests.TC_PP_15_Credit_Card"/>
  <testcase name="TC_TestCaseName" time="214.238" classname="com.Airpay.Tests.TC_PP_15_Credit_Card"/>
</testsuite> <!-- com.Airpay.Tests.TC_PP_15_Credit_Card -->
