<?xml version="1.0" encoding="UTF-8"?>
<!-- Generated by org.testng.reporters.JUnitReportReporter -->
<testsuite skipped="0" hostname="DESKTOP-E3KSB34" name="com.Airpay.Tests.TC_PP_14_EMI" tests="2" failures="0" timestamp="13 Aug 2019 10:46:38 GMT" time="461.170" errors="0">
  <testcase name="setup" time="0.050" classname="com.Airpay.Tests.TC_PP_14_EMI"/>
  <testcase name="TC_TestCaseName" time="461.120" classname="com.Airpay.Tests.TC_PP_14_EMI"/>
</testsuite> <!-- com.Airpay.Tests.TC_PP_14_EMI -->
