<?xml version="1.0" encoding="UTF-8"?>
<!-- Generated by org.testng.reporters.JUnitReportReporter -->
<testsuite skipped="0" hostname="DESKTOP-E3KSB34" name="com.Airpay.Tests.TC_PP_06" tests="2" failures="0" timestamp="05 Aug 2019 11:26:35 GMT" time="13.502" errors="0">
  <testcase name="setup" time="0.000" classname="com.Airpay.Tests.TC_PP_06"/>
  <testcase name="TC_TestCaseName" time="13.502" classname="com.Airpay.Tests.TC_PP_06"/>
</testsuite> <!-- com.Airpay.Tests.TC_PP_06 -->
