<?xml version="1.0" encoding="UTF-8"?>
<!-- Generated by org.testng.reporters.JUnitReportReporter -->
<testsuite skipped="0" hostname="DESKTOP-E3KSB34" name="com.Airpay.Tests.TC_PP_11_Debit_Card" tests="2" failures="0" timestamp="27 Aug 2019 04:52:32 GMT" time="40.841" errors="0">
  <testcase name="setup" time="0.000" classname="com.Airpay.Tests.TC_PP_11_Debit_Card"/>
  <testcase name="TC_TestCaseName" time="40.841" classname="com.Airpay.Tests.TC_PP_11_Debit_Card"/>
</testsuite> <!-- com.Airpay.Tests.TC_PP_11_Debit_Card -->
