<?xml version="1.0" encoding="UTF-8"?>
<!-- Generated by org.testng.reporters.JUnitReportReporter -->
<testsuite skipped="0" hostname="DESKTOP-E3KSB34" name="com.Airpay.Tests.TC_PP_EMI_Invalid_Credit_Card_Number_errMsg" tests="2" failures="0" timestamp="27 Aug 2019 06:13:14 GMT" time="44.095" errors="0">
  <testcase name="setup" time="0.000" classname="com.Airpay.Tests.TC_PP_EMI_Invalid_Credit_Card_Number_errMsg"/>
  <testcase name="TC_TestCaseName" time="44.095" classname="com.Airpay.Tests.TC_PP_EMI_Invalid_Credit_Card_Number_errMsg"/>
</testsuite> <!-- com.Airpay.Tests.TC_PP_EMI_Invalid_Credit_Card_Number_errMsg -->
