<?xml version="1.0" encoding="UTF-8"?>
<!-- Generated by org.testng.reporters.JUnitReportReporter -->
<testsuite skipped="0" hostname="DESKTOP-E3KSB34" name="com.Airpay.Utilities.Create_TestNGXML" tests="1" failures="0" timestamp="27 Aug 2019 11:34:34 GMT" time="351.406" errors="0">
  <testcase name="createXMLfile" time="351.406" classname="com.Airpay.Utilities.Create_TestNGXML"/>
</testsuite> <!-- com.Airpay.Utilities.Create_TestNGXML -->
