<?xml version="1.0" encoding="UTF-8"?>
<!-- Generated by org.testng.reporters.JUnitReportReporter -->
<testsuite skipped="0" hostname="DESKTOP-E3KSB34" name="com.Airpay.Tests.TC_PP_valid_UPI_Transaction_Decline_ErrorMsg" tests="2" failures="0" timestamp="27 Aug 2019 06:10:53 GMT" time="165.112" errors="0">
  <testcase name="setup" time="0.000" classname="com.Airpay.Tests.TC_PP_valid_UPI_Transaction_Decline_ErrorMsg"/>
  <testcase name="TC_TestCaseName" time="165.112" classname="com.Airpay.Tests.TC_PP_valid_UPI_Transaction_Decline_ErrorMsg"/>
</testsuite> <!-- com.Airpay.Tests.TC_PP_valid_UPI_Transaction_Decline_ErrorMsg -->
