<?xml version="1.0" encoding="UTF-8"?>
<!-- Generated by org.testng.reporters.JUnitReportReporter -->
<testsuite skipped="0" hostname="DESKTOP-E3KSB34" name="com.Airpay.Tests.TC_PP_12" tests="2" failures="0" timestamp="27 Aug 2019 04:53:24 GMT" time="35.966" errors="0">
  <testcase name="setup" time="0.000" classname="com.Airpay.Tests.TC_PP_12"/>
  <testcase name="TC_TestCaseName" time="35.966" classname="com.Airpay.Tests.TC_PP_12"/>
</testsuite> <!-- com.Airpay.Tests.TC_PP_12 -->
