<?xml version="1.0" encoding="UTF-8"?>
<!-- Generated by org.testng.reporters.JUnitReportReporter -->
<testsuite skipped="0" hostname="DESKTOP-E3KSB34" name="com.Airpay.Tests.TC_PP_EMI_Blank_Value_RedLine_Error_notification" tests="2" failures="0" timestamp="27 Aug 2019 06:15:41 GMT" time="21.730" errors="0">
  <testcase name="setup" time="0.000" classname="com.Airpay.Tests.TC_PP_EMI_Blank_Value_RedLine_Error_notification"/>
  <testcase name="TC_TestCaseName" time="21.730" classname="com.Airpay.Tests.TC_PP_EMI_Blank_Value_RedLine_Error_notification"/>
</testsuite> <!-- com.Airpay.Tests.TC_PP_EMI_Blank_Value_RedLine_Error_notification -->
