<?xml version="1.0" encoding="UTF-8"?>
<!-- Generated by org.testng.reporters.JUnitReportReporter -->
<testsuite skipped="0" hostname="DESKTOP-E3KSB34" name="com.Airpay.Tests.TC_PP_14_Credit_Card" tests="2" failures="0" timestamp="05 Aug 2019 11:36:14 GMT" time="38.641" errors="0">
  <testcase name="setup" time="0.000" classname="com.Airpay.Tests.TC_PP_14_Credit_Card"/>
  <testcase name="TC_TestCaseName" time="38.641" classname="com.Airpay.Tests.TC_PP_14_Credit_Card"/>
</testsuite> <!-- com.Airpay.Tests.TC_PP_14_Credit_Card -->
