<?xml version="1.0" encoding="UTF-8"?>
<!-- Generated by org.testng.reporters.JUnitReportReporter -->
<testsuite skipped="0" hostname="DESKTOP-E3KSB34" name="com.Airpay.Tests.TC_PP_valid_UPI_SessionTimeOut_ErrMsg_NewDesign" tests="2" failures="0" timestamp="07 Aug 2019 11:18:54 GMT" time="140.692" errors="0">
  <testcase name="setup" time="0.001" classname="com.Airpay.Tests.TC_PP_valid_UPI_SessionTimeOut_ErrMsg_NewDesign"/>
  <testcase name="TC_TestCaseName" time="140.691" classname="com.Airpay.Tests.TC_PP_valid_UPI_SessionTimeOut_ErrMsg_NewDesign"/>
</testsuite> <!-- com.Airpay.Tests.TC_PP_valid_UPI_SessionTimeOut_ErrMsg_NewDesign -->
