<?xml version="1.0" encoding="UTF-8"?>
<!-- Generated by org.testng.reporters.JUnitReportReporter -->
<testsuite skipped="0" hostname="DESKTOP-E3KSB34" name="com.Airpay.Tests.TC_PP_Invalid_UPI_Address_ErrMsg" tests="2" failures="0" timestamp="27 Aug 2019 05:59:52 GMT" time="36.177" errors="0">
  <testcase name="setup" time="0.000" classname="com.Airpay.Tests.TC_PP_Invalid_UPI_Address_ErrMsg"/>
  <testcase name="TC_TestCaseName" time="36.177" classname="com.Airpay.Tests.TC_PP_Invalid_UPI_Address_ErrMsg"/>
</testsuite> <!-- com.Airpay.Tests.TC_PP_Invalid_UPI_Address_ErrMsg -->
