<?xml version="1.0" encoding="UTF-8"?>
<!-- Generated by org.testng.reporters.JUnitReportReporter -->
<testsuite skipped="0" hostname="DESKTOP-E3KSB34" name="com.Airpay.Tests.TC_PP_01" tests="2" failures="0" timestamp="27 Aug 2019 04:46:12 GMT" time="13.535" errors="0">
  <testcase name="setup" time="0.000" classname="com.Airpay.Tests.TC_PP_01"/>
  <testcase name="TC_TestCaseName" time="13.535" classname="com.Airpay.Tests.TC_PP_01"/>
</testsuite> <!-- com.Airpay.Tests.TC_PP_01 -->
