<?xml version="1.0" encoding="UTF-8"?>
<!-- Generated by org.testng.reporters.JUnitReportReporter -->
<testsuite skipped="0" hostname="DESKTOP-E3KSB34" name="com.Airpay.Tests.TC_ID_Verify_American_Express_Save_Cards" tests="2" failures="0" timestamp="26 Aug 2019 09:11:24 GMT" time="104.395" errors="0">
  <testcase name="setup" time="0.000" classname="com.Airpay.Tests.TC_ID_Verify_American_Express_Save_Cards"/>
  <testcase name="TC_TestCaseName" time="104.395" classname="com.Airpay.Tests.TC_ID_Verify_American_Express_Save_Cards"/>
</testsuite> <!-- com.Airpay.Tests.TC_ID_Verify_American_Express_Save_Cards -->
