<?xml version="1.0" encoding="UTF-8"?>
<!-- Generated by org.testng.reporters.JUnitReportReporter -->
<testsuite skipped="0" hostname="DESKTOP-E3KSB34" name="com.Airpay.Tests.TC_PP_Virtual_Account_Success_transaction_testcase" tests="2" failures="0" timestamp="19 Aug 2019 09:04:26 GMT" time="154.867" errors="0">
  <testcase name="setup" time="0.019" classname="com.Airpay.Tests.TC_PP_Virtual_Account_Success_transaction_testcase"/>
  <testcase name="TC_TestCaseName" time="154.848" classname="com.Airpay.Tests.TC_PP_Virtual_Account_Success_transaction_testcase"/>
</testsuite> <!-- com.Airpay.Tests.TC_PP_Virtual_Account_Success_transaction_testcase -->
