<?xml version="1.0" encoding="UTF-8"?>
<!-- Generated by org.testng.reporters.JUnitReportReporter -->
<testsuite skipped="0" hostname="DESKTOP-E3KSB34" name="com.Airpay.Tests.TC_PP_13_Credit_Card" tests="2" failures="0" timestamp="27 Aug 2019 04:54:21 GMT" time="41.342" errors="0">
  <testcase name="setup" time="0.000" classname="com.Airpay.Tests.TC_PP_13_Credit_Card"/>
  <testcase name="TC_TestCaseName" time="41.342" classname="com.Airpay.Tests.TC_PP_13_Credit_Card"/>
</testsuite> <!-- com.Airpay.Tests.TC_PP_13_Credit_Card -->
