<?xml version="1.0" encoding="UTF-8"?>
<!-- Generated by org.testng.reporters.JUnitReportReporter -->
<testsuite skipped="0" hostname="DESKTOP-E3KSB34" name="com.Airpay.Tests.TC_PP_Cash_MakePayment" tests="2" failures="0" timestamp="16 Aug 2019 06:07:47 GMT" time="97.504" errors="0">
  <testcase name="setup" time="0.000" classname="com.Airpay.Tests.TC_PP_Cash_MakePayment"/>
  <testcase name="TC_TestCaseName" time="97.504" classname="com.Airpay.Tests.TC_PP_Cash_MakePayment"/>
</testsuite> <!-- com.Airpay.Tests.TC_PP_Cash_MakePayment -->
