<?xml version="1.0" encoding="UTF-8"?>
<!-- Generated by org.testng.reporters.JUnitReportReporter -->
<testsuite skipped="0" hostname="DESKTOP-E3KSB34" name="com.Airpay.Tests.TC_PP_EMI_Bank_Type_Verification" tests="2" failures="0" timestamp="27 Aug 2019 06:12:11 GMT" time="29.056" errors="0">
  <testcase name="setup" time="0.000" classname="com.Airpay.Tests.TC_PP_EMI_Bank_Type_Verification"/>
  <testcase name="TC_TestCaseName" time="29.056" classname="com.Airpay.Tests.TC_PP_EMI_Bank_Type_Verification"/>
</testsuite> <!-- com.Airpay.Tests.TC_PP_EMI_Bank_Type_Verification -->
